

Started GET "/" for 127.0.0.1 at 2014-11-08 10:50:18 -0500
Processing by Rails::WelcomeController#index as HTML
  Rendered C:/Ruby21/lib/ruby/gems/2.1.0/gems/railties-4.1.7/lib/rails/templates/rails/welcome/index.html.erb (2.0ms)
Completed 200 OK in 25ms (Views: 13.0ms | ActiveRecord: 0.0ms)


Started GET "/" for 127.0.0.1 at 2014-11-08 10:58:09 -0500
Processing by Rails::WelcomeController#index as HTML
  Rendered C:/Ruby21/lib/ruby/gems/2.1.0/gems/railties-4.1.7/lib/rails/templates/rails/welcome/index.html.erb (0.0ms)
Completed 200 OK in 14ms (Views: 14.0ms | ActiveRecord: 0.0ms)


Started GET "/" for 127.0.0.1 at 2014-11-08 10:58:10 -0500
Processing by Rails::WelcomeController#index as HTML
  Rendered C:/Ruby21/lib/ruby/gems/2.1.0/gems/railties-4.1.7/lib/rails/templates/rails/welcome/index.html.erb (0.0ms)
Completed 200 OK in 3ms (Views: 3.0ms | ActiveRecord: 0.0ms)


Started GET "/index" for 127.0.0.1 at 2014-11-08 10:58:15 -0500

ActionController::RoutingError (No route matches [GET] "/index"):
  actionpack (4.1.7) lib/action_dispatch/middleware/debug_exceptions.rb:21:in `call'
  actionpack (4.1.7) lib/action_dispatch/middleware/show_exceptions.rb:30:in `call'
  railties (4.1.7) lib/rails/rack/logger.rb:38:in `call_app'
  railties (4.1.7) lib/rails/rack/logger.rb:20:in `block in call'
  activesupport (4.1.7) lib/active_support/tagged_logging.rb:68:in `block in tagged'
  activesupport (4.1.7) lib/active_support/tagged_logging.rb:26:in `tagged'
  activesupport (4.1.7) lib/active_support/tagged_logging.rb:68:in `tagged'
  railties (4.1.7) lib/rails/rack/logger.rb:20:in `call'
  actionpack (4.1.7) lib/action_dispatch/middleware/request_id.rb:21:in `call'
  rack (1.5.2) lib/rack/methodoverride.rb:21:in `call'
  rack (1.5.2) lib/rack/runtime.rb:17:in `call'
  activesupport (4.1.7) lib/active_support/cache/strategy/local_cache_middleware.rb:26:in `call'
  rack (1.5.2) lib/rack/lock.rb:17:in `call'
  actionpack (4.1.7) lib/action_dispatch/middleware/static.rb:84:in `call'
  rack (1.5.2) lib/rack/sendfile.rb:112:in `call'
  railties (4.1.7) lib/rails/engine.rb:514:in `call'
  railties (4.1.7) lib/rails/application.rb:144:in `call'
  rack (1.5.2) lib/rack/lock.rb:17:in `call'
  rack (1.5.2) lib/rack/content_length.rb:14:in `call'
  rack (1.5.2) lib/rack/handler/webrick.rb:60:in `service'
  C:/Ruby21/lib/ruby/2.1.0/webrick/httpserver.rb:138:in `service'
  C:/Ruby21/lib/ruby/2.1.0/webrick/httpserver.rb:94:in `run'
  C:/Ruby21/lib/ruby/2.1.0/webrick/server.rb:295:in `block in start_thread'


  Rendered C:/Ruby21/lib/ruby/gems/2.1.0/gems/actionpack-4.1.7/lib/action_dispatch/middleware/templates/rescues/_trace.html.erb (2.0ms)
  Rendered C:/Ruby21/lib/ruby/gems/2.1.0/gems/actionpack-4.1.7/lib/action_dispatch/middleware/templates/routes/_route.html.erb (0.0ms)
  Rendered C:/Ruby21/lib/ruby/gems/2.1.0/gems/actionpack-4.1.7/lib/action_dispatch/middleware/templates/routes/_table.html.erb (11.0ms)
  Rendered C:/Ruby21/lib/ruby/gems/2.1.0/gems/actionpack-4.1.7/lib/action_dispatch/middleware/templates/rescues/routing_error.html.erb within rescues/layout (43.0ms)


Started GET "/welcome" for 127.0.0.1 at 2014-11-08 10:59:26 -0500

ActionController::RoutingError (No route matches [GET] "/welcome"):
  actionpack (4.1.7) lib/action_dispatch/middleware/debug_exceptions.rb:21:in `call'
  actionpack (4.1.7) lib/action_dispatch/middleware/show_exceptions.rb:30:in `call'
  railties (4.1.7) lib/rails/rack/logger.rb:38:in `call_app'
  railties (4.1.7) lib/rails/rack/logger.rb:20:in `block in call'
  activesupport (4.1.7) lib/active_support/tagged_logging.rb:68:in `block in tagged'
  activesupport (4.1.7) lib/active_support/tagged_logging.rb:26:in `tagged'
  activesupport (4.1.7) lib/active_support/tagged_logging.rb:68:in `tagged'
  railties (4.1.7) lib/rails/rack/logger.rb:20:in `call'
  actionpack (4.1.7) lib/action_dispatch/middleware/request_id.rb:21:in `call'
  rack (1.5.2) lib/rack/methodoverride.rb:21:in `call'
  rack (1.5.2) lib/rack/runtime.rb:17:in `call'
  activesupport (4.1.7) lib/active_support/cache/strategy/local_cache_middleware.rb:26:in `call'
  rack (1.5.2) lib/rack/lock.rb:17:in `call'
  actionpack (4.1.7) lib/action_dispatch/middleware/static.rb:84:in `call'
  rack (1.5.2) lib/rack/sendfile.rb:112:in `call'
  railties (4.1.7) lib/rails/engine.rb:514:in `call'
  railties (4.1.7) lib/rails/application.rb:144:in `call'
  rack (1.5.2) lib/rack/lock.rb:17:in `call'
  rack (1.5.2) lib/rack/content_length.rb:14:in `call'
  rack (1.5.2) lib/rack/handler/webrick.rb:60:in `service'
  C:/Ruby21/lib/ruby/2.1.0/webrick/httpserver.rb:138:in `service'
  C:/Ruby21/lib/ruby/2.1.0/webrick/httpserver.rb:94:in `run'
  C:/Ruby21/lib/ruby/2.1.0/webrick/server.rb:295:in `block in start_thread'


  Rendered C:/Ruby21/lib/ruby/gems/2.1.0/gems/actionpack-4.1.7/lib/action_dispatch/middleware/templates/rescues/_trace.html.erb (1.0ms)
  Rendered C:/Ruby21/lib/ruby/gems/2.1.0/gems/actionpack-4.1.7/lib/action_dispatch/middleware/templates/routes/_route.html.erb (1.0ms)
  Rendered C:/Ruby21/lib/ruby/gems/2.1.0/gems/actionpack-4.1.7/lib/action_dispatch/middleware/templates/routes/_table.html.erb (1.0ms)
  Rendered C:/Ruby21/lib/ruby/gems/2.1.0/gems/actionpack-4.1.7/lib/action_dispatch/middleware/templates/rescues/routing_error.html.erb within rescues/layout (32.0ms)


Started GET "/welcome/index" for 127.0.0.1 at 2014-11-08 11:00:21 -0500
Processing by WelcomeController#index as HTML
  Rendered welcome/index.html.erb within layouts/application (0.0ms)
Completed 200 OK in 863ms (Views: 863.1ms | ActiveRecord: 0.0ms)


Started GET "/assets/welcome.css?body=1" for 127.0.0.1 at 2014-11-08 11:00:22 -0500


Started GET "/assets/application.css?body=1" for 127.0.0.1 at 2014-11-08 11:00:22 -0500


Started GET "/assets/application.js?body=1" for 127.0.0.1 at 2014-11-08 11:00:22 -0500


Started GET "/assets/jquery.js?body=1" for 127.0.0.1 at 2014-11-08 11:00:22 -0500


Started GET "/assets/jquery_ujs.js?body=1" for 127.0.0.1 at 2014-11-08 11:00:22 -0500


Started GET "/assets/turbolinks.js?body=1" for 127.0.0.1 at 2014-11-08 11:00:22 -0500


Started GET "/assets/welcome.js?body=1" for 127.0.0.1 at 2014-11-08 11:00:22 -0500


Started GET "/" for 127.0.0.1 at 2014-11-08 11:01:30 -0500
Processing by WelcomeController#index as HTML
  Rendered welcome/index.html.erb within layouts/application (0.0ms)
Completed 200 OK in 41ms (Views: 41.0ms | ActiveRecord: 0.0ms)


Started GET "/assets/application.css?body=1" for 127.0.0.1 at 2014-11-08 11:01:30 -0500


Started GET "/assets/welcome.css?body=1" for 127.0.0.1 at 2014-11-08 11:01:30 -0500


Started GET "/assets/jquery_ujs.js?body=1" for 127.0.0.1 at 2014-11-08 11:01:30 -0500


Started GET "/assets/jquery.js?body=1" for 127.0.0.1 at 2014-11-08 11:01:30 -0500


Started GET "/assets/turbolinks.js?body=1" for 127.0.0.1 at 2014-11-08 11:01:30 -0500


Started GET "/assets/welcome.js?body=1" for 127.0.0.1 at 2014-11-08 11:01:30 -0500


Started GET "/assets/application.js?body=1" for 127.0.0.1 at 2014-11-08 11:01:30 -0500


Started GET "/" for 127.0.0.1 at 2014-11-08 11:03:45 -0500
Processing by WelcomeController#index as HTML
  Rendered welcome/index.html.erb within layouts/application (1.0ms)
Completed 200 OK in 44ms (Views: 43.0ms | ActiveRecord: 0.0ms)


Started GET "/assets/turbolinks.js?body=1" for 127.0.0.1 at 2014-11-08 11:03:45 -0500


Started GET "/assets/welcome.css?body=1" for 127.0.0.1 at 2014-11-08 11:03:45 -0500


Started GET "/assets/welcome.js?body=1" for 127.0.0.1 at 2014-11-08 11:03:45 -0500


Started GET "/assets/application.js?body=1" for 127.0.0.1 at 2014-11-08 11:03:45 -0500


Started GET "/assets/application.css?body=1" for 127.0.0.1 at 2014-11-08 11:03:45 -0500


Started GET "/assets/jquery.js?body=1" for 127.0.0.1 at 2014-11-08 11:03:45 -0500


Started GET "/assets/jquery_ujs.js?body=1" for 127.0.0.1 at 2014-11-08 11:03:45 -0500


Started GET "/" for 127.0.0.1 at 2014-11-08 11:14:22 -0500
Processing by WelcomeController#index as HTML
  Rendered welcome/index.html.erb within layouts/application (0.0ms)
Completed 200 OK in 283ms (Views: 282.0ms | ActiveRecord: 0.0ms)


Started GET "/assets/comunidades.css?body=1" for 127.0.0.1 at 2014-11-08 11:14:23 -0500


Started GET "/assets/welcome.css?body=1" for 127.0.0.1 at 2014-11-08 11:14:23 -0500


Started GET "/assets/turbolinks.js?body=1" for 127.0.0.1 at 2014-11-08 11:14:23 -0500


Started GET "/assets/welcome.js?body=1" for 127.0.0.1 at 2014-11-08 11:14:23 -0500


Started GET "/assets/application.css?body=1" for 127.0.0.1 at 2014-11-08 11:14:23 -0500


Started GET "/assets/comunidades.js?body=1" for 127.0.0.1 at 2014-11-08 11:14:23 -0500


Started GET "/assets/application.js?body=1" for 127.0.0.1 at 2014-11-08 11:14:23 -0500


Started GET "/assets/jquery.js?body=1" for 127.0.0.1 at 2014-11-08 11:14:23 -0500


Started GET "/assets/jquery_ujs.js?body=1" for 127.0.0.1 at 2014-11-08 11:14:23 -0500


Started GET "/comunidades/new" for 127.0.0.1 at 2014-11-08 11:14:29 -0500
Processing by ComunidadesController#new as HTML
Completed 500 Internal Server Error in 5ms

ActionView::MissingTemplate (Missing template comunidades/new, application/new with {:locale=>[:en], :formats=>[:html], :variants=>[], :handlers=>[:erb, :builder, :raw, :ruby, :coffee, :jbuilder]}. Searched in:
  * "D:/sura_desarrollo/wesurance/prueba_conceto/app/views"
):
  actionview (4.1.7) lib/action_view/path_set.rb:46:in `find'
  actionview (4.1.7) lib/action_view/lookup_context.rb:124:in `find'
  C:in `find_template'
  actionview (4.1.7) lib/action_view/renderer/template_renderer.rb:41:in `determine_template'
  actionview (4.1.7) lib/action_view/renderer/template_renderer.rb:8:in `render'
  actionview (4.1.7) lib/action_view/renderer/renderer.rb:42:in `render_template'
  actionview (4.1.7) lib/action_view/renderer/renderer.rb:23:in `render'
  actionview (4.1.7) lib/action_view/rendering.rb:99:in `_render_template'
  actionpack (4.1.7) lib/action_controller/metal/streaming.rb:217:in `_render_template'
  actionview (4.1.7) lib/action_view/rendering.rb:82:in `render_to_body'
  actionpack (4.1.7) lib/action_controller/metal/rendering.rb:32:in `render_to_body'
  actionpack (4.1.7) lib/action_controller/metal/renderers.rb:32:in `render_to_body'
  actionpack (4.1.7) lib/abstract_controller/rendering.rb:25:in `render'
  actionpack (4.1.7) lib/action_controller/metal/rendering.rb:16:in `render'
  actionpack (4.1.7) lib/action_controller/metal/instrumentation.rb:41:in `block (2 levels) in render'
  activesupport (4.1.7) lib/active_support/core_ext/benchmark.rb:12:in `block in ms'
  C:/Ruby21/lib/ruby/2.1.0/benchmark.rb:294:in `realtime'
  activesupport (4.1.7) lib/active_support/core_ext/benchmark.rb:12:in `ms'
  actionpack (4.1.7) lib/action_controller/metal/instrumentation.rb:41:in `block in render'
  actionpack (4.1.7) lib/action_controller/metal/instrumentation.rb:84:in `cleanup_view_runtime'
  activerecord (4.1.7) lib/active_record/railties/controller_runtime.rb:25:in `cleanup_view_runtime'
  actionpack (4.1.7) lib/action_controller/metal/instrumentation.rb:40:in `render'
  actionpack (4.1.7) lib/action_controller/metal/implicit_render.rb:10:in `default_render'
  actionpack (4.1.7) lib/action_controller/metal/implicit_render.rb:5:in `send_action'
  actionpack (4.1.7) lib/abstract_controller/base.rb:189:in `process_action'
  actionpack (4.1.7) lib/action_controller/metal/rendering.rb:10:in `process_action'
  actionpack (4.1.7) lib/abstract_controller/callbacks.rb:20:in `block in process_action'
  activesupport (4.1.7) lib/active_support/callbacks.rb:113:in `call'
  activesupport (4.1.7) lib/active_support/callbacks.rb:113:in `call'
  activesupport (4.1.7) lib/active_support/callbacks.rb:229:in `block in halting'
  activesupport (4.1.7) lib/active_support/callbacks.rb:229:in `call'
  activesupport (4.1.7) lib/active_support/callbacks.rb:229:in `block in halting'
  activesupport (4.1.7) lib/active_support/callbacks.rb:166:in `call'
  activesupport (4.1.7) lib/active_support/callbacks.rb:166:in `block in halting'
  activesupport (4.1.7) lib/active_support/callbacks.rb:166:in `call'
  activesupport (4.1.7) lib/active_support/callbacks.rb:166:in `block in halting'
  activesupport (4.1.7) lib/active_support/callbacks.rb:166:in `call'
  activesupport (4.1.7) lib/active_support/callbacks.rb:166:in `block in halting'
  activesupport (4.1.7) lib/active_support/callbacks.rb:86:in `call'
  activesupport (4.1.7) lib/active_support/callbacks.rb:86:in `run_callbacks'
  actionpack (4.1.7) lib/abstract_controller/callbacks.rb:19:in `process_action'
  actionpack (4.1.7) lib/action_controller/metal/rescue.rb:29:in `process_action'
  actionpack (4.1.7) lib/action_controller/metal/instrumentation.rb:31:in `block in process_action'
  activesupport (4.1.7) lib/active_support/notifications.rb:159:in `block in instrument'
  activesupport (4.1.7) lib/active_support/notifications/instrumenter.rb:20:in `instrument'
  activesupport (4.1.7) lib/active_support/notifications.rb:159:in `instrument'
  actionpack (4.1.7) lib/action_controller/metal/instrumentation.rb:30:in `process_action'
  actionpack (4.1.7) lib/action_controller/metal/params_wrapper.rb:250:in `process_action'
  activerecord (4.1.7) lib/active_record/railties/controller_runtime.rb:18:in `process_action'
  actionpack (4.1.7) lib/abstract_controller/base.rb:136:in `process'
  actionview (4.1.7) lib/action_view/rendering.rb:30:in `process'
  actionpack (4.1.7) lib/action_controller/metal.rb:196:in `dispatch'
  actionpack (4.1.7) lib/action_controller/metal/rack_delegation.rb:13:in `dispatch'
  actionpack (4.1.7) lib/action_controller/metal.rb:232:in `block in action'
  actionpack (4.1.7) lib/action_dispatch/routing/route_set.rb:82:in `call'
  actionpack (4.1.7) lib/action_dispatch/routing/route_set.rb:82:in `dispatch'
  actionpack (4.1.7) lib/action_dispatch/routing/route_set.rb:50:in `call'
  actionpack (4.1.7) lib/action_dispatch/journey/router.rb:73:in `block in call'
  actionpack (4.1.7) lib/action_dispatch/journey/router.rb:59:in `each'
  actionpack (4.1.7) lib/action_dispatch/journey/router.rb:59:in `call'
  actionpack (4.1.7) lib/action_dispatch/routing/route_set.rb:678:in `call'
  rack (1.5.2) lib/rack/etag.rb:23:in `call'
  rack (1.5.2) lib/rack/conditionalget.rb:25:in `call'
  rack (1.5.2) lib/rack/head.rb:11:in `call'
  actionpack (4.1.7) lib/action_dispatch/middleware/params_parser.rb:27:in `call'
  actionpack (4.1.7) lib/action_dispatch/middleware/flash.rb:254:in `call'
  rack (1.5.2) lib/rack/session/abstract/id.rb:225:in `context'
  rack (1.5.2) lib/rack/session/abstract/id.rb:220:in `call'
  actionpack (4.1.7) lib/action_dispatch/middleware/cookies.rb:560:in `call'
  activerecord (4.1.7) lib/active_record/query_cache.rb:36:in `call'
  activerecord (4.1.7) lib/active_record/connection_adapters/abstract/connection_pool.rb:621:in `call'
  activerecord (4.1.7) lib/active_record/migration.rb:380:in `call'
  actionpack (4.1.7) lib/action_dispatch/middleware/callbacks.rb:29:in `block in call'
  activesupport (4.1.7) lib/active_support/callbacks.rb:82:in `run_callbacks'
  actionpack (4.1.7) lib/action_dispatch/middleware/callbacks.rb:27:in `call'
  actionpack (4.1.7) lib/action_dispatch/middleware/reloader.rb:73:in `call'
  actionpack (4.1.7) lib/action_dispatch/middleware/remote_ip.rb:76:in `call'
  actionpack (4.1.7) lib/action_dispatch/middleware/debug_exceptions.rb:17:in `call'
  actionpack (4.1.7) lib/action_dispatch/middleware/show_exceptions.rb:30:in `call'
  railties (4.1.7) lib/rails/rack/logger.rb:38:in `call_app'
  railties (4.1.7) lib/rails/rack/logger.rb:20:in `block in call'
  activesupport (4.1.7) lib/active_support/tagged_logging.rb:68:in `block in tagged'
  activesupport (4.1.7) lib/active_support/tagged_logging.rb:26:in `tagged'
  activesupport (4.1.7) lib/active_support/tagged_logging.rb:68:in `tagged'
  railties (4.1.7) lib/rails/rack/logger.rb:20:in `call'
  actionpack (4.1.7) lib/action_dispatch/middleware/request_id.rb:21:in `call'
  rack (1.5.2) lib/rack/methodoverride.rb:21:in `call'
  rack (1.5.2) lib/rack/runtime.rb:17:in `call'
  activesupport (4.1.7) lib/active_support/cache/strategy/local_cache_middleware.rb:26:in `call'
  rack (1.5.2) lib/rack/lock.rb:17:in `call'
  actionpack (4.1.7) lib/action_dispatch/middleware/static.rb:84:in `call'
  rack (1.5.2) lib/rack/sendfile.rb:112:in `call'
  railties (4.1.7) lib/rails/engine.rb:514:in `call'
  railties (4.1.7) lib/rails/application.rb:144:in `call'
  rack (1.5.2) lib/rack/lock.rb:17:in `call'
  rack (1.5.2) lib/rack/content_length.rb:14:in `call'
  rack (1.5.2) lib/rack/handler/webrick.rb:60:in `service'
  C:/Ruby21/lib/ruby/2.1.0/webrick/httpserver.rb:138:in `service'
  C:/Ruby21/lib/ruby/2.1.0/webrick/httpserver.rb:94:in `run'
  C:/Ruby21/lib/ruby/2.1.0/webrick/server.rb:295:in `block in start_thread'


  Rendered C:/Ruby21/lib/ruby/gems/2.1.0/gems/actionpack-4.1.7/lib/action_dispatch/middleware/templates/rescues/missing_template.html.erb within rescues/layout (0.0ms)


Started GET "/comunidades/new" for 127.0.0.1 at 2014-11-08 11:18:54 -0500
Processing by ComunidadesController#new as HTML
  Rendered comunidades/new.html.erb within layouts/application (0.0ms)
Completed 200 OK in 62ms (Views: 62.0ms | ActiveRecord: 0.0ms)


Started GET "/assets/turbolinks.js?body=1" for 127.0.0.1 at 2014-11-08 11:18:54 -0500


Started GET "/assets/welcome.js?body=1" for 127.0.0.1 at 2014-11-08 11:18:54 -0500


Started GET "/assets/application.js?body=1" for 127.0.0.1 at 2014-11-08 11:18:54 -0500


Started GET "/assets/jquery_ujs.js?body=1" for 127.0.0.1 at 2014-11-08 11:18:54 -0500


Started GET "/assets/comunidades.css?body=1" for 127.0.0.1 at 2014-11-08 11:18:54 -0500


Started GET "/assets/jquery.js?body=1" for 127.0.0.1 at 2014-11-08 11:18:54 -0500


Started GET "/assets/comunidades.js?body=1" for 127.0.0.1 at 2014-11-08 11:18:54 -0500


Started GET "/assets/welcome.css?body=1" for 127.0.0.1 at 2014-11-08 11:18:54 -0500


Started GET "/assets/application.css?body=1" for 127.0.0.1 at 2014-11-08 11:18:54 -0500


Started GET "/communities/new" for 127.0.0.1 at 2014-11-08 11:28:11 -0500
Processing by CommunitiesController#new as HTML
  Rendered communities/new.html.erb within layouts/application (24.0ms)
Completed 200 OK in 341ms (Views: 328.0ms | ActiveRecord: 0.0ms)


Started GET "/assets/communities.css?body=1" for 127.0.0.1 at 2014-11-08 11:28:12 -0500


Started GET "/assets/turbolinks.js?body=1" for 127.0.0.1 at 2014-11-08 11:28:12 -0500


Started GET "/assets/welcome.js?body=1" for 127.0.0.1 at 2014-11-08 11:28:12 -0500


Started GET "/assets/communities.js?body=1" for 127.0.0.1 at 2014-11-08 11:28:12 -0500


Started GET "/assets/application.js?body=1" for 127.0.0.1 at 2014-11-08 11:28:12 -0500


Started GET "/assets/jquery_ujs.js?body=1" for 127.0.0.1 at 2014-11-08 11:28:12 -0500


Started GET "/assets/welcome.css?body=1" for 127.0.0.1 at 2014-11-08 11:28:12 -0500


Started GET "/assets/jquery.js?body=1" for 127.0.0.1 at 2014-11-08 11:28:12 -0500


Started GET "/assets/application.css?body=1" for 127.0.0.1 at 2014-11-08 11:28:12 -0500


Started GET "/communities/new" for 127.0.0.1 at 2014-11-08 11:28:39 -0500
Processing by CommunitiesController#new as HTML
  Rendered communities/new.html.erb within layouts/application (2.0ms)
Completed 200 OK in 56ms (Views: 56.0ms | ActiveRecord: 0.0ms)


Started GET "/assets/application.js?body=1" for 127.0.0.1 at 2014-11-08 11:28:39 -0500


Started GET "/assets/welcome.js?body=1" for 127.0.0.1 at 2014-11-08 11:28:39 -0500


Started GET "/assets/communities.css?body=1" for 127.0.0.1 at 2014-11-08 11:28:39 -0500


Started GET "/assets/welcome.css?body=1" for 127.0.0.1 at 2014-11-08 11:28:39 -0500


Started GET "/assets/application.css?body=1" for 127.0.0.1 at 2014-11-08 11:28:39 -0500


Started GET "/assets/turbolinks.js?body=1" for 127.0.0.1 at 2014-11-08 11:28:39 -0500


Started GET "/assets/jquery.js?body=1" for 127.0.0.1 at 2014-11-08 11:28:39 -0500


Started GET "/assets/jquery_ujs.js?body=1" for 127.0.0.1 at 2014-11-08 11:28:39 -0500


Started GET "/assets/communities.js?body=1" for 127.0.0.1 at 2014-11-08 11:28:39 -0500


Started POST "/communities/new" for 127.0.0.1 at 2014-11-08 11:30:17 -0500

ActionController::RoutingError (No route matches [POST] "/communities/new"):
  actionpack (4.1.7) lib/action_dispatch/middleware/debug_exceptions.rb:21:in `call'
  actionpack (4.1.7) lib/action_dispatch/middleware/show_exceptions.rb:30:in `call'
  railties (4.1.7) lib/rails/rack/logger.rb:38:in `call_app'
  railties (4.1.7) lib/rails/rack/logger.rb:20:in `block in call'
  activesupport (4.1.7) lib/active_support/tagged_logging.rb:68:in `block in tagged'
  activesupport (4.1.7) lib/active_support/tagged_logging.rb:26:in `tagged'
  activesupport (4.1.7) lib/active_support/tagged_logging.rb:68:in `tagged'
  railties (4.1.7) lib/rails/rack/logger.rb:20:in `call'
  actionpack (4.1.7) lib/action_dispatch/middleware/request_id.rb:21:in `call'
  rack (1.5.2) lib/rack/methodoverride.rb:21:in `call'
  rack (1.5.2) lib/rack/runtime.rb:17:in `call'
  activesupport (4.1.7) lib/active_support/cache/strategy/local_cache_middleware.rb:26:in `call'
  rack (1.5.2) lib/rack/lock.rb:17:in `call'
  actionpack (4.1.7) lib/action_dispatch/middleware/static.rb:84:in `call'
  rack (1.5.2) lib/rack/sendfile.rb:112:in `call'
  railties (4.1.7) lib/rails/engine.rb:514:in `call'
  railties (4.1.7) lib/rails/application.rb:144:in `call'
  rack (1.5.2) lib/rack/lock.rb:17:in `call'
  rack (1.5.2) lib/rack/content_length.rb:14:in `call'
  rack (1.5.2) lib/rack/handler/webrick.rb:60:in `service'
  C:/Ruby21/lib/ruby/2.1.0/webrick/httpserver.rb:138:in `service'
  C:/Ruby21/lib/ruby/2.1.0/webrick/httpserver.rb:94:in `run'
  C:/Ruby21/lib/ruby/2.1.0/webrick/server.rb:295:in `block in start_thread'


  Rendered C:/Ruby21/lib/ruby/gems/2.1.0/gems/actionpack-4.1.7/lib/action_dispatch/middleware/templates/rescues/_trace.html.erb (1.0ms)
  Rendered C:/Ruby21/lib/ruby/gems/2.1.0/gems/actionpack-4.1.7/lib/action_dispatch/middleware/templates/routes/_route.html.erb (1.0ms)
  Rendered C:/Ruby21/lib/ruby/gems/2.1.0/gems/actionpack-4.1.7/lib/action_dispatch/middleware/templates/routes/_table.html.erb (3.0ms)
  Rendered C:/Ruby21/lib/ruby/gems/2.1.0/gems/actionpack-4.1.7/lib/action_dispatch/middleware/templates/rescues/routing_error.html.erb within rescues/layout (35.0ms)


Started GET "/communities/new" for 127.0.0.1 at 2014-11-08 11:32:14 -0500
Processing by CommunitiesController#new as HTML
  Rendered communities/new.html.erb within layouts/application (2.0ms)
Completed 200 OK in 63ms (Views: 63.0ms | ActiveRecord: 0.0ms)


Started GET "/assets/communities.css?body=1" for 127.0.0.1 at 2014-11-08 11:32:14 -0500


Started GET "/assets/turbolinks.js?body=1" for 127.0.0.1 at 2014-11-08 11:32:14 -0500


Started GET "/assets/application.css?body=1" for 127.0.0.1 at 2014-11-08 11:32:14 -0500


Started GET "/assets/communities.js?body=1" for 127.0.0.1 at 2014-11-08 11:32:14 -0500


Started GET "/assets/jquery.js?body=1" for 127.0.0.1 at 2014-11-08 11:32:14 -0500


Started GET "/assets/welcome.js?body=1" for 127.0.0.1 at 2014-11-08 11:32:14 -0500


Started GET "/assets/jquery_ujs.js?body=1" for 127.0.0.1 at 2014-11-08 11:32:14 -0500


Started GET "/assets/application.js?body=1" for 127.0.0.1 at 2014-11-08 11:32:14 -0500


Started GET "/assets/welcome.css?body=1" for 127.0.0.1 at 2014-11-08 11:32:14 -0500


Started POST "/communities" for 127.0.0.1 at 2014-11-08 11:32:16 -0500

AbstractController::ActionNotFound (The action 'create' could not be found for CommunitiesController):
  actionpack (4.1.7) lib/abstract_controller/base.rb:131:in `process'
  actionview (4.1.7) lib/action_view/rendering.rb:30:in `process'
  actionpack (4.1.7) lib/action_controller/metal.rb:196:in `dispatch'
  actionpack (4.1.7) lib/action_controller/metal/rack_delegation.rb:13:in `dispatch'
  actionpack (4.1.7) lib/action_controller/metal.rb:232:in `block in action'
  actionpack (4.1.7) lib/action_dispatch/routing/route_set.rb:82:in `call'
  actionpack (4.1.7) lib/action_dispatch/routing/route_set.rb:82:in `dispatch'
  actionpack (4.1.7) lib/action_dispatch/routing/route_set.rb:50:in `call'
  actionpack (4.1.7) lib/action_dispatch/journey/router.rb:73:in `block in call'
  actionpack (4.1.7) lib/action_dispatch/journey/router.rb:59:in `each'
  actionpack (4.1.7) lib/action_dispatch/journey/router.rb:59:in `call'
  actionpack (4.1.7) lib/action_dispatch/routing/route_set.rb:678:in `call'
  rack (1.5.2) lib/rack/etag.rb:23:in `call'
  rack (1.5.2) lib/rack/conditionalget.rb:35:in `call'
  rack (1.5.2) lib/rack/head.rb:11:in `call'
  actionpack (4.1.7) lib/action_dispatch/middleware/params_parser.rb:27:in `call'
  actionpack (4.1.7) lib/action_dispatch/middleware/flash.rb:254:in `call'
  rack (1.5.2) lib/rack/session/abstract/id.rb:225:in `context'
  rack (1.5.2) lib/rack/session/abstract/id.rb:220:in `call'
  actionpack (4.1.7) lib/action_dispatch/middleware/cookies.rb:560:in `call'
  activerecord (4.1.7) lib/active_record/query_cache.rb:36:in `call'
  activerecord (4.1.7) lib/active_record/connection_adapters/abstract/connection_pool.rb:621:in `call'
  activerecord (4.1.7) lib/active_record/migration.rb:380:in `call'
  actionpack (4.1.7) lib/action_dispatch/middleware/callbacks.rb:29:in `block in call'
  activesupport (4.1.7) lib/active_support/callbacks.rb:82:in `run_callbacks'
  actionpack (4.1.7) lib/action_dispatch/middleware/callbacks.rb:27:in `call'
  actionpack (4.1.7) lib/action_dispatch/middleware/reloader.rb:73:in `call'
  actionpack (4.1.7) lib/action_dispatch/middleware/remote_ip.rb:76:in `call'
  actionpack (4.1.7) lib/action_dispatch/middleware/debug_exceptions.rb:17:in `call'
  actionpack (4.1.7) lib/action_dispatch/middleware/show_exceptions.rb:30:in `call'
  railties (4.1.7) lib/rails/rack/logger.rb:38:in `call_app'
  railties (4.1.7) lib/rails/rack/logger.rb:20:in `block in call'
  activesupport (4.1.7) lib/active_support/tagged_logging.rb:68:in `block in tagged'
  activesupport (4.1.7) lib/active_support/tagged_logging.rb:26:in `tagged'
  activesupport (4.1.7) lib/active_support/tagged_logging.rb:68:in `tagged'
  railties (4.1.7) lib/rails/rack/logger.rb:20:in `call'
  actionpack (4.1.7) lib/action_dispatch/middleware/request_id.rb:21:in `call'
  rack (1.5.2) lib/rack/methodoverride.rb:21:in `call'
  rack (1.5.2) lib/rack/runtime.rb:17:in `call'
  activesupport (4.1.7) lib/active_support/cache/strategy/local_cache_middleware.rb:26:in `call'
  rack (1.5.2) lib/rack/lock.rb:17:in `call'
  actionpack (4.1.7) lib/action_dispatch/middleware/static.rb:84:in `call'
  rack (1.5.2) lib/rack/sendfile.rb:112:in `call'
  railties (4.1.7) lib/rails/engine.rb:514:in `call'
  railties (4.1.7) lib/rails/application.rb:144:in `call'
  rack (1.5.2) lib/rack/lock.rb:17:in `call'
  rack (1.5.2) lib/rack/content_length.rb:14:in `call'
  rack (1.5.2) lib/rack/handler/webrick.rb:60:in `service'
  C:/Ruby21/lib/ruby/2.1.0/webrick/httpserver.rb:138:in `service'
  C:/Ruby21/lib/ruby/2.1.0/webrick/httpserver.rb:94:in `run'
  C:/Ruby21/lib/ruby/2.1.0/webrick/server.rb:295:in `block in start_thread'


  Rendered C:/Ruby21/lib/ruby/gems/2.1.0/gems/actionpack-4.1.7/lib/action_dispatch/middleware/templates/rescues/unknown_action.html.erb within rescues/layout (0.0ms)


Started GET "/communities" for 127.0.0.1 at 2014-11-08 11:33:56 -0500

AbstractController::ActionNotFound (The action 'index' could not be found for CommunitiesController):
  actionpack (4.1.7) lib/abstract_controller/base.rb:131:in `process'
  actionview (4.1.7) lib/action_view/rendering.rb:30:in `process'
  actionpack (4.1.7) lib/action_controller/metal.rb:196:in `dispatch'
  actionpack (4.1.7) lib/action_controller/metal/rack_delegation.rb:13:in `dispatch'
  actionpack (4.1.7) lib/action_controller/metal.rb:232:in `block in action'
  actionpack (4.1.7) lib/action_dispatch/routing/route_set.rb:82:in `call'
  actionpack (4.1.7) lib/action_dispatch/routing/route_set.rb:82:in `dispatch'
  actionpack (4.1.7) lib/action_dispatch/routing/route_set.rb:50:in `call'
  actionpack (4.1.7) lib/action_dispatch/journey/router.rb:73:in `block in call'
  actionpack (4.1.7) lib/action_dispatch/journey/router.rb:59:in `each'
  actionpack (4.1.7) lib/action_dispatch/journey/router.rb:59:in `call'
  actionpack (4.1.7) lib/action_dispatch/routing/route_set.rb:678:in `call'
  rack (1.5.2) lib/rack/etag.rb:23:in `call'
  rack (1.5.2) lib/rack/conditionalget.rb:25:in `call'
  rack (1.5.2) lib/rack/head.rb:11:in `call'
  actionpack (4.1.7) lib/action_dispatch/middleware/params_parser.rb:27:in `call'
  actionpack (4.1.7) lib/action_dispatch/middleware/flash.rb:254:in `call'
  rack (1.5.2) lib/rack/session/abstract/id.rb:225:in `context'
  rack (1.5.2) lib/rack/session/abstract/id.rb:220:in `call'
  actionpack (4.1.7) lib/action_dispatch/middleware/cookies.rb:560:in `call'
  activerecord (4.1.7) lib/active_record/query_cache.rb:36:in `call'
  activerecord (4.1.7) lib/active_record/connection_adapters/abstract/connection_pool.rb:621:in `call'
  activerecord (4.1.7) lib/active_record/migration.rb:380:in `call'
  actionpack (4.1.7) lib/action_dispatch/middleware/callbacks.rb:29:in `block in call'
  activesupport (4.1.7) lib/active_support/callbacks.rb:82:in `run_callbacks'
  actionpack (4.1.7) lib/action_dispatch/middleware/callbacks.rb:27:in `call'
  actionpack (4.1.7) lib/action_dispatch/middleware/reloader.rb:73:in `call'
  actionpack (4.1.7) lib/action_dispatch/middleware/remote_ip.rb:76:in `call'
  actionpack (4.1.7) lib/action_dispatch/middleware/debug_exceptions.rb:17:in `call'
  actionpack (4.1.7) lib/action_dispatch/middleware/show_exceptions.rb:30:in `call'
  railties (4.1.7) lib/rails/rack/logger.rb:38:in `call_app'
  railties (4.1.7) lib/rails/rack/logger.rb:20:in `block in call'
  activesupport (4.1.7) lib/active_support/tagged_logging.rb:68:in `block in tagged'
  activesupport (4.1.7) lib/active_support/tagged_logging.rb:26:in `tagged'
  activesupport (4.1.7) lib/active_support/tagged_logging.rb:68:in `tagged'
  railties (4.1.7) lib/rails/rack/logger.rb:20:in `call'
  actionpack (4.1.7) lib/action_dispatch/middleware/request_id.rb:21:in `call'
  rack (1.5.2) lib/rack/methodoverride.rb:21:in `call'
  rack (1.5.2) lib/rack/runtime.rb:17:in `call'
  activesupport (4.1.7) lib/active_support/cache/strategy/local_cache_middleware.rb:26:in `call'
  rack (1.5.2) lib/rack/lock.rb:17:in `call'
  actionpack (4.1.7) lib/action_dispatch/middleware/static.rb:84:in `call'
  rack (1.5.2) lib/rack/sendfile.rb:112:in `call'
  railties (4.1.7) lib/rails/engine.rb:514:in `call'
  railties (4.1.7) lib/rails/application.rb:144:in `call'
  rack (1.5.2) lib/rack/lock.rb:17:in `call'
  rack (1.5.2) lib/rack/content_length.rb:14:in `call'
  rack (1.5.2) lib/rack/handler/webrick.rb:60:in `service'
  C:/Ruby21/lib/ruby/2.1.0/webrick/httpserver.rb:138:in `service'
  C:/Ruby21/lib/ruby/2.1.0/webrick/httpserver.rb:94:in `run'
  C:/Ruby21/lib/ruby/2.1.0/webrick/server.rb:295:in `block in start_thread'


  Rendered C:/Ruby21/lib/ruby/gems/2.1.0/gems/actionpack-4.1.7/lib/action_dispatch/middleware/templates/rescues/unknown_action.html.erb within rescues/layout (0.0ms)


Started GET "/assets/welcome.css?body=1" for 127.0.0.1 at 2014-11-08 11:33:58 -0500


Started GET "/assets/application.css?body=1" for 127.0.0.1 at 2014-11-08 11:33:58 -0500


Started GET "/assets/jquery_ujs.js?body=1" for 127.0.0.1 at 2014-11-08 11:33:58 -0500


Started GET "/assets/jquery.js?body=1" for 127.0.0.1 at 2014-11-08 11:33:58 -0500


Started POST "/communities" for 127.0.0.1 at 2014-11-08 11:33:59 -0500
Processing by CommunitiesController#create as HTML
  Parameters: {"utf8"=>"✓", "authenticity_token"=>"ECMCTZ7hpyLuGMfLMzBU0tHSdMgf9IguR4qyCIGXHMI=", "community"=>{"title"=>"", "text"=>""}, "commit"=>"Save Community"}
Completed 500 Internal Server Error in 3ms

ActionView::MissingTemplate (Missing template communities/create, application/create with {:locale=>[:en], :formats=>[:html], :variants=>[], :handlers=>[:erb, :builder, :raw, :ruby, :coffee, :jbuilder]}. Searched in:
  * "D:/sura_desarrollo/wesurance/prueba_conceto/app/views"
):
  actionview (4.1.7) lib/action_view/path_set.rb:46:in `find'
  actionview (4.1.7) lib/action_view/lookup_context.rb:124:in `find'
  C:in `find_template'
  actionview (4.1.7) lib/action_view/renderer/template_renderer.rb:41:in `determine_template'
  actionview (4.1.7) lib/action_view/renderer/template_renderer.rb:8:in `render'
  actionview (4.1.7) lib/action_view/renderer/renderer.rb:42:in `render_template'
  actionview (4.1.7) lib/action_view/renderer/renderer.rb:23:in `render'
  actionview (4.1.7) lib/action_view/rendering.rb:99:in `_render_template'
  actionpack (4.1.7) lib/action_controller/metal/streaming.rb:217:in `_render_template'
  actionview (4.1.7) lib/action_view/rendering.rb:82:in `render_to_body'
  actionpack (4.1.7) lib/action_controller/metal/rendering.rb:32:in `render_to_body'
  actionpack (4.1.7) lib/action_controller/metal/renderers.rb:32:in `render_to_body'
  actionpack (4.1.7) lib/abstract_controller/rendering.rb:25:in `render'
  actionpack (4.1.7) lib/action_controller/metal/rendering.rb:16:in `render'
  actionpack (4.1.7) lib/action_controller/metal/instrumentation.rb:41:in `block (2 levels) in render'
  activesupport (4.1.7) lib/active_support/core_ext/benchmark.rb:12:in `block in ms'
  C:/Ruby21/lib/ruby/2.1.0/benchmark.rb:294:in `realtime'
  activesupport (4.1.7) lib/active_support/core_ext/benchmark.rb:12:in `ms'
  actionpack (4.1.7) lib/action_controller/metal/instrumentation.rb:41:in `block in render'
  actionpack (4.1.7) lib/action_controller/metal/instrumentation.rb:84:in `cleanup_view_runtime'
  activerecord (4.1.7) lib/active_record/railties/controller_runtime.rb:25:in `cleanup_view_runtime'
  actionpack (4.1.7) lib/action_controller/metal/instrumentation.rb:40:in `render'
  actionpack (4.1.7) lib/action_controller/metal/implicit_render.rb:10:in `default_render'
  actionpack (4.1.7) lib/action_controller/metal/implicit_render.rb:5:in `send_action'
  actionpack (4.1.7) lib/abstract_controller/base.rb:189:in `process_action'
  actionpack (4.1.7) lib/action_controller/metal/rendering.rb:10:in `process_action'
  actionpack (4.1.7) lib/abstract_controller/callbacks.rb:20:in `block in process_action'
  activesupport (4.1.7) lib/active_support/callbacks.rb:113:in `call'
  activesupport (4.1.7) lib/active_support/callbacks.rb:113:in `call'
  activesupport (4.1.7) lib/active_support/callbacks.rb:229:in `block in halting'
  activesupport (4.1.7) lib/active_support/callbacks.rb:229:in `call'
  activesupport (4.1.7) lib/active_support/callbacks.rb:229:in `block in halting'
  activesupport (4.1.7) lib/active_support/callbacks.rb:166:in `call'
  activesupport (4.1.7) lib/active_support/callbacks.rb:166:in `block in halting'
  activesupport (4.1.7) lib/active_support/callbacks.rb:166:in `call'
  activesupport (4.1.7) lib/active_support/callbacks.rb:166:in `block in halting'
  activesupport (4.1.7) lib/active_support/callbacks.rb:166:in `call'
  activesupport (4.1.7) lib/active_support/callbacks.rb:166:in `block in halting'
  activesupport (4.1.7) lib/active_support/callbacks.rb:86:in `call'
  activesupport (4.1.7) lib/active_support/callbacks.rb:86:in `run_callbacks'
  actionpack (4.1.7) lib/abstract_controller/callbacks.rb:19:in `process_action'
  actionpack (4.1.7) lib/action_controller/metal/rescue.rb:29:in `process_action'
  actionpack (4.1.7) lib/action_controller/metal/instrumentation.rb:31:in `block in process_action'
  activesupport (4.1.7) lib/active_support/notifications.rb:159:in `block in instrument'
  activesupport (4.1.7) lib/active_support/notifications/instrumenter.rb:20:in `instrument'
  activesupport (4.1.7) lib/active_support/notifications.rb:159:in `instrument'
  actionpack (4.1.7) lib/action_controller/metal/instrumentation.rb:30:in `process_action'
  actionpack (4.1.7) lib/action_controller/metal/params_wrapper.rb:250:in `process_action'
  activerecord (4.1.7) lib/active_record/railties/controller_runtime.rb:18:in `process_action'
  actionpack (4.1.7) lib/abstract_controller/base.rb:136:in `process'
  actionview (4.1.7) lib/action_view/rendering.rb:30:in `process'
  actionpack (4.1.7) lib/action_controller/metal.rb:196:in `dispatch'
  actionpack (4.1.7) lib/action_controller/metal/rack_delegation.rb:13:in `dispatch'
  actionpack (4.1.7) lib/action_controller/metal.rb:232:in `block in action'
  actionpack (4.1.7) lib/action_dispatch/routing/route_set.rb:82:in `call'
  actionpack (4.1.7) lib/action_dispatch/routing/route_set.rb:82:in `dispatch'
  actionpack (4.1.7) lib/action_dispatch/routing/route_set.rb:50:in `call'
  actionpack (4.1.7) lib/action_dispatch/journey/router.rb:73:in `block in call'
  actionpack (4.1.7) lib/action_dispatch/journey/router.rb:59:in `each'
  actionpack (4.1.7) lib/action_dispatch/journey/router.rb:59:in `call'
  actionpack (4.1.7) lib/action_dispatch/routing/route_set.rb:678:in `call'
  rack (1.5.2) lib/rack/etag.rb:23:in `call'
  rack (1.5.2) lib/rack/conditionalget.rb:35:in `call'
  rack (1.5.2) lib/rack/head.rb:11:in `call'
  actionpack (4.1.7) lib/action_dispatch/middleware/params_parser.rb:27:in `call'
  actionpack (4.1.7) lib/action_dispatch/middleware/flash.rb:254:in `call'
  rack (1.5.2) lib/rack/session/abstract/id.rb:225:in `context'
  rack (1.5.2) lib/rack/session/abstract/id.rb:220:in `call'
  actionpack (4.1.7) lib/action_dispatch/middleware/cookies.rb:560:in `call'
  activerecord (4.1.7) lib/active_record/query_cache.rb:36:in `call'
  activerecord (4.1.7) lib/active_record/connection_adapters/abstract/connection_pool.rb:621:in `call'
  activerecord (4.1.7) lib/active_record/migration.rb:380:in `call'
  actionpack (4.1.7) lib/action_dispatch/middleware/callbacks.rb:29:in `block in call'
  activesupport (4.1.7) lib/active_support/callbacks.rb:82:in `run_callbacks'
  actionpack (4.1.7) lib/action_dispatch/middleware/callbacks.rb:27:in `call'
  actionpack (4.1.7) lib/action_dispatch/middleware/reloader.rb:73:in `call'
  actionpack (4.1.7) lib/action_dispatch/middleware/remote_ip.rb:76:in `call'
  actionpack (4.1.7) lib/action_dispatch/middleware/debug_exceptions.rb:17:in `call'
  actionpack (4.1.7) lib/action_dispatch/middleware/show_exceptions.rb:30:in `call'
  railties (4.1.7) lib/rails/rack/logger.rb:38:in `call_app'
  railties (4.1.7) lib/rails/rack/logger.rb:20:in `block in call'
  activesupport (4.1.7) lib/active_support/tagged_logging.rb:68:in `block in tagged'
  activesupport (4.1.7) lib/active_support/tagged_logging.rb:26:in `tagged'
  activesupport (4.1.7) lib/active_support/tagged_logging.rb:68:in `tagged'
  railties (4.1.7) lib/rails/rack/logger.rb:20:in `call'
  actionpack (4.1.7) lib/action_dispatch/middleware/request_id.rb:21:in `call'
  rack (1.5.2) lib/rack/methodoverride.rb:21:in `call'
  rack (1.5.2) lib/rack/runtime.rb:17:in `call'
  activesupport (4.1.7) lib/active_support/cache/strategy/local_cache_middleware.rb:26:in `call'
  rack (1.5.2) lib/rack/lock.rb:17:in `call'
  actionpack (4.1.7) lib/action_dispatch/middleware/static.rb:84:in `call'
  rack (1.5.2) lib/rack/sendfile.rb:112:in `call'
  railties (4.1.7) lib/rails/engine.rb:514:in `call'
  railties (4.1.7) lib/rails/application.rb:144:in `call'
  rack (1.5.2) lib/rack/lock.rb:17:in `call'
  rack (1.5.2) lib/rack/content_length.rb:14:in `call'
  rack (1.5.2) lib/rack/handler/webrick.rb:60:in `service'
  C:/Ruby21/lib/ruby/2.1.0/webrick/httpserver.rb:138:in `service'
  C:/Ruby21/lib/ruby/2.1.0/webrick/httpserver.rb:94:in `run'
  C:/Ruby21/lib/ruby/2.1.0/webrick/server.rb:295:in `block in start_thread'


  Rendered C:/Ruby21/lib/ruby/gems/2.1.0/gems/actionpack-4.1.7/lib/action_dispatch/middleware/templates/rescues/missing_template.html.erb within rescues/layout (1.0ms)


Started GET "/communities/new" for 127.0.0.1 at 2014-11-08 11:36:39 -0500
Processing by CommunitiesController#new as HTML
  Rendered communities/new.html.erb within layouts/application (1.0ms)
Completed 200 OK in 54ms (Views: 52.0ms | ActiveRecord: 0.0ms)


Started GET "/assets/communities.css?body=1" for 127.0.0.1 at 2014-11-08 11:36:40 -0500


Started GET "/assets/turbolinks.js?body=1" for 127.0.0.1 at 2014-11-08 11:36:40 -0500


Started GET "/assets/application.css?body=1" for 127.0.0.1 at 2014-11-08 11:36:40 -0500


Started GET "/assets/communities.js?body=1" for 127.0.0.1 at 2014-11-08 11:36:40 -0500


Started GET "/assets/jquery.js?body=1" for 127.0.0.1 at 2014-11-08 11:36:40 -0500


Started GET "/assets/welcome.js?body=1" for 127.0.0.1 at 2014-11-08 11:36:40 -0500


Started GET "/assets/jquery_ujs.js?body=1" for 127.0.0.1 at 2014-11-08 11:36:40 -0500


Started GET "/assets/application.js?body=1" for 127.0.0.1 at 2014-11-08 11:36:40 -0500


Started GET "/assets/welcome.css?body=1" for 127.0.0.1 at 2014-11-08 11:36:40 -0500


Started POST "/communities" for 127.0.0.1 at 2014-11-08 11:36:41 -0500
Processing by CommunitiesController#create as HTML
  Parameters: {"utf8"=>"✓", "authenticity_token"=>"ECMCTZ7hpyLuGMfLMzBU0tHSdMgf9IguR4qyCIGXHMI=", "community"=>{"title"=>"", "text"=>""}, "commit"=>"Save Community"}
  Rendered text template (0.0ms)
Completed 200 OK in 3ms (Views: 3.0ms | ActiveRecord: 0.0ms)


Started POST "/communities" for 127.0.0.1 at 2014-11-08 11:36:52 -0500
Processing by CommunitiesController#create as HTML
  Parameters: {"utf8"=>"✓", "authenticity_token"=>"ECMCTZ7hpyLuGMfLMzBU0tHSdMgf9IguR4qyCIGXHMI=", "community"=>{"title"=>"Juan Diego", "text"=>"Juan Diego"}, "commit"=>"Save Community"}
  Rendered text template (0.0ms)
Completed 200 OK in 1ms (Views: 1.0ms | ActiveRecord: 0.0ms)


Started GET "/communities/" for 127.0.0.1 at 2014-11-09 11:18:27 -0500
  [1m[36mActiveRecord::SchemaMigration Load (0.6ms)[0m  [1mSELECT "schema_migrations".* FROM "schema_migrations"[0m

AbstractController::ActionNotFound (The action 'index' could not be found for CommunitiesController):
  actionpack (4.1.7) lib/abstract_controller/base.rb:131:in `process'
  actionview (4.1.7) lib/action_view/rendering.rb:30:in `process'
  actionpack (4.1.7) lib/action_controller/metal.rb:196:in `dispatch'
  actionpack (4.1.7) lib/action_controller/metal/rack_delegation.rb:13:in `dispatch'
  actionpack (4.1.7) lib/action_controller/metal.rb:232:in `block in action'
  actionpack (4.1.7) lib/action_dispatch/routing/route_set.rb:82:in `call'
  actionpack (4.1.7) lib/action_dispatch/routing/route_set.rb:82:in `dispatch'
  actionpack (4.1.7) lib/action_dispatch/routing/route_set.rb:50:in `call'
  actionpack (4.1.7) lib/action_dispatch/journey/router.rb:73:in `block in call'
  actionpack (4.1.7) lib/action_dispatch/journey/router.rb:59:in `each'
  actionpack (4.1.7) lib/action_dispatch/journey/router.rb:59:in `call'
  actionpack (4.1.7) lib/action_dispatch/routing/route_set.rb:678:in `call'
  rack (1.5.2) lib/rack/etag.rb:23:in `call'
  rack (1.5.2) lib/rack/conditionalget.rb:25:in `call'
  rack (1.5.2) lib/rack/head.rb:11:in `call'
  actionpack (4.1.7) lib/action_dispatch/middleware/params_parser.rb:27:in `call'
  actionpack (4.1.7) lib/action_dispatch/middleware/flash.rb:254:in `call'
  rack (1.5.2) lib/rack/session/abstract/id.rb:225:in `context'
  rack (1.5.2) lib/rack/session/abstract/id.rb:220:in `call'
  actionpack (4.1.7) lib/action_dispatch/middleware/cookies.rb:560:in `call'
  activerecord (4.1.7) lib/active_record/query_cache.rb:36:in `call'
  activerecord (4.1.7) lib/active_record/connection_adapters/abstract/connection_pool.rb:621:in `call'
  activerecord (4.1.7) lib/active_record/migration.rb:380:in `call'
  actionpack (4.1.7) lib/action_dispatch/middleware/callbacks.rb:29:in `block in call'
  activesupport (4.1.7) lib/active_support/callbacks.rb:82:in `run_callbacks'
  actionpack (4.1.7) lib/action_dispatch/middleware/callbacks.rb:27:in `call'
  actionpack (4.1.7) lib/action_dispatch/middleware/reloader.rb:73:in `call'
  actionpack (4.1.7) lib/action_dispatch/middleware/remote_ip.rb:76:in `call'
  actionpack (4.1.7) lib/action_dispatch/middleware/debug_exceptions.rb:17:in `call'
  actionpack (4.1.7) lib/action_dispatch/middleware/show_exceptions.rb:30:in `call'
  railties (4.1.7) lib/rails/rack/logger.rb:38:in `call_app'
  railties (4.1.7) lib/rails/rack/logger.rb:20:in `block in call'
  activesupport (4.1.7) lib/active_support/tagged_logging.rb:68:in `block in tagged'
  activesupport (4.1.7) lib/active_support/tagged_logging.rb:26:in `tagged'
  activesupport (4.1.7) lib/active_support/tagged_logging.rb:68:in `tagged'
  railties (4.1.7) lib/rails/rack/logger.rb:20:in `call'
  actionpack (4.1.7) lib/action_dispatch/middleware/request_id.rb:21:in `call'
  rack (1.5.2) lib/rack/methodoverride.rb:21:in `call'
  rack (1.5.2) lib/rack/runtime.rb:17:in `call'
  activesupport (4.1.7) lib/active_support/cache/strategy/local_cache_middleware.rb:26:in `call'
  rack (1.5.2) lib/rack/lock.rb:17:in `call'
  actionpack (4.1.7) lib/action_dispatch/middleware/static.rb:84:in `call'
  rack (1.5.2) lib/rack/sendfile.rb:112:in `call'
  railties (4.1.7) lib/rails/engine.rb:514:in `call'
  railties (4.1.7) lib/rails/application.rb:144:in `call'
  rack (1.5.2) lib/rack/lock.rb:17:in `call'
  rack (1.5.2) lib/rack/content_length.rb:14:in `call'
  rack (1.5.2) lib/rack/handler/webrick.rb:60:in `service'
  /Users/jdestradap/.rvm/rubies/ruby-2.1.4/lib/ruby/2.1.0/webrick/httpserver.rb:138:in `service'
  /Users/jdestradap/.rvm/rubies/ruby-2.1.4/lib/ruby/2.1.0/webrick/httpserver.rb:94:in `run'
  /Users/jdestradap/.rvm/rubies/ruby-2.1.4/lib/ruby/2.1.0/webrick/server.rb:295:in `block in start_thread'


  Rendered /Users/jdestradap/.rvm/gems/ruby-2.1.4/gems/actionpack-4.1.7/lib/action_dispatch/middleware/templates/rescues/unknown_action.html.erb within rescues/layout (1.6ms)


Started GET "/" for 127.0.0.1 at 2014-11-09 11:18:33 -0500
Processing by WelcomeController#index as HTML
  Rendered welcome/index.html.erb within layouts/application (0.4ms)
Completed 200 OK in 546ms (Views: 534.6ms | ActiveRecord: 0.0ms)


Started GET "/assets/welcome.css?body=1" for 127.0.0.1 at 2014-11-09 11:18:33 -0500


Started GET "/assets/application.css?body=1" for 127.0.0.1 at 2014-11-09 11:18:33 -0500


Started GET "/assets/jquery_ujs.js?body=1" for 127.0.0.1 at 2014-11-09 11:18:33 -0500


Started GET "/assets/turbolinks.js?body=1" for 127.0.0.1 at 2014-11-09 11:18:33 -0500


Started GET "/assets/communities.js?body=1" for 127.0.0.1 at 2014-11-09 11:18:33 -0500


Started GET "/assets/jquery.js?body=1" for 127.0.0.1 at 2014-11-09 11:18:33 -0500


Started GET "/assets/communities.css?body=1" for 127.0.0.1 at 2014-11-09 11:18:33 -0500


Started GET "/assets/welcome.js?body=1" for 127.0.0.1 at 2014-11-09 11:18:33 -0500


Started GET "/assets/application.js?body=1" for 127.0.0.1 at 2014-11-09 11:18:33 -0500


Started GET "/communities" for 127.0.0.1 at 2014-11-09 11:19:13 -0500

AbstractController::ActionNotFound (The action 'index' could not be found for CommunitiesController):
  actionpack (4.1.7) lib/abstract_controller/base.rb:131:in `process'
  actionview (4.1.7) lib/action_view/rendering.rb:30:in `process'
  actionpack (4.1.7) lib/action_controller/metal.rb:196:in `dispatch'
  actionpack (4.1.7) lib/action_controller/metal/rack_delegation.rb:13:in `dispatch'
  actionpack (4.1.7) lib/action_controller/metal.rb:232:in `block in action'
  actionpack (4.1.7) lib/action_dispatch/routing/route_set.rb:82:in `call'
  actionpack (4.1.7) lib/action_dispatch/routing/route_set.rb:82:in `dispatch'
  actionpack (4.1.7) lib/action_dispatch/routing/route_set.rb:50:in `call'
  actionpack (4.1.7) lib/action_dispatch/journey/router.rb:73:in `block in call'
  actionpack (4.1.7) lib/action_dispatch/journey/router.rb:59:in `each'
  actionpack (4.1.7) lib/action_dispatch/journey/router.rb:59:in `call'
  actionpack (4.1.7) lib/action_dispatch/routing/route_set.rb:678:in `call'
  rack (1.5.2) lib/rack/etag.rb:23:in `call'
  rack (1.5.2) lib/rack/conditionalget.rb:25:in `call'
  rack (1.5.2) lib/rack/head.rb:11:in `call'
  actionpack (4.1.7) lib/action_dispatch/middleware/params_parser.rb:27:in `call'
  actionpack (4.1.7) lib/action_dispatch/middleware/flash.rb:254:in `call'
  rack (1.5.2) lib/rack/session/abstract/id.rb:225:in `context'
  rack (1.5.2) lib/rack/session/abstract/id.rb:220:in `call'
  actionpack (4.1.7) lib/action_dispatch/middleware/cookies.rb:560:in `call'
  activerecord (4.1.7) lib/active_record/query_cache.rb:36:in `call'
  activerecord (4.1.7) lib/active_record/connection_adapters/abstract/connection_pool.rb:621:in `call'
  activerecord (4.1.7) lib/active_record/migration.rb:380:in `call'
  actionpack (4.1.7) lib/action_dispatch/middleware/callbacks.rb:29:in `block in call'
  activesupport (4.1.7) lib/active_support/callbacks.rb:82:in `run_callbacks'
  actionpack (4.1.7) lib/action_dispatch/middleware/callbacks.rb:27:in `call'
  actionpack (4.1.7) lib/action_dispatch/middleware/reloader.rb:73:in `call'
  actionpack (4.1.7) lib/action_dispatch/middleware/remote_ip.rb:76:in `call'
  actionpack (4.1.7) lib/action_dispatch/middleware/debug_exceptions.rb:17:in `call'
  actionpack (4.1.7) lib/action_dispatch/middleware/show_exceptions.rb:30:in `call'
  railties (4.1.7) lib/rails/rack/logger.rb:38:in `call_app'
  railties (4.1.7) lib/rails/rack/logger.rb:20:in `block in call'
  activesupport (4.1.7) lib/active_support/tagged_logging.rb:68:in `block in tagged'
  activesupport (4.1.7) lib/active_support/tagged_logging.rb:26:in `tagged'
  activesupport (4.1.7) lib/active_support/tagged_logging.rb:68:in `tagged'
  railties (4.1.7) lib/rails/rack/logger.rb:20:in `call'
  actionpack (4.1.7) lib/action_dispatch/middleware/request_id.rb:21:in `call'
  rack (1.5.2) lib/rack/methodoverride.rb:21:in `call'
  rack (1.5.2) lib/rack/runtime.rb:17:in `call'
  activesupport (4.1.7) lib/active_support/cache/strategy/local_cache_middleware.rb:26:in `call'
  rack (1.5.2) lib/rack/lock.rb:17:in `call'
  actionpack (4.1.7) lib/action_dispatch/middleware/static.rb:84:in `call'
  rack (1.5.2) lib/rack/sendfile.rb:112:in `call'
  railties (4.1.7) lib/rails/engine.rb:514:in `call'
  railties (4.1.7) lib/rails/application.rb:144:in `call'
  rack (1.5.2) lib/rack/lock.rb:17:in `call'
  rack (1.5.2) lib/rack/content_length.rb:14:in `call'
  rack (1.5.2) lib/rack/handler/webrick.rb:60:in `service'
  /Users/jdestradap/.rvm/rubies/ruby-2.1.4/lib/ruby/2.1.0/webrick/httpserver.rb:138:in `service'
  /Users/jdestradap/.rvm/rubies/ruby-2.1.4/lib/ruby/2.1.0/webrick/httpserver.rb:94:in `run'
  /Users/jdestradap/.rvm/rubies/ruby-2.1.4/lib/ruby/2.1.0/webrick/server.rb:295:in `block in start_thread'


  Rendered /Users/jdestradap/.rvm/gems/ruby-2.1.4/gems/actionpack-4.1.7/lib/action_dispatch/middleware/templates/rescues/unknown_action.html.erb within rescues/layout (0.6ms)


Started GET "/communities" for 127.0.0.1 at 2014-11-09 11:19:19 -0500

AbstractController::ActionNotFound (The action 'index' could not be found for CommunitiesController):
  actionpack (4.1.7) lib/abstract_controller/base.rb:131:in `process'
  actionview (4.1.7) lib/action_view/rendering.rb:30:in `process'
  actionpack (4.1.7) lib/action_controller/metal.rb:196:in `dispatch'
  actionpack (4.1.7) lib/action_controller/metal/rack_delegation.rb:13:in `dispatch'
  actionpack (4.1.7) lib/action_controller/metal.rb:232:in `block in action'
  actionpack (4.1.7) lib/action_dispatch/routing/route_set.rb:82:in `call'
  actionpack (4.1.7) lib/action_dispatch/routing/route_set.rb:82:in `dispatch'
  actionpack (4.1.7) lib/action_dispatch/routing/route_set.rb:50:in `call'
  actionpack (4.1.7) lib/action_dispatch/journey/router.rb:73:in `block in call'
  actionpack (4.1.7) lib/action_dispatch/journey/router.rb:59:in `each'
  actionpack (4.1.7) lib/action_dispatch/journey/router.rb:59:in `call'
  actionpack (4.1.7) lib/action_dispatch/routing/route_set.rb:678:in `call'
  rack (1.5.2) lib/rack/etag.rb:23:in `call'
  rack (1.5.2) lib/rack/conditionalget.rb:25:in `call'
  rack (1.5.2) lib/rack/head.rb:11:in `call'
  actionpack (4.1.7) lib/action_dispatch/middleware/params_parser.rb:27:in `call'
  actionpack (4.1.7) lib/action_dispatch/middleware/flash.rb:254:in `call'
  rack (1.5.2) lib/rack/session/abstract/id.rb:225:in `context'
  rack (1.5.2) lib/rack/session/abstract/id.rb:220:in `call'
  actionpack (4.1.7) lib/action_dispatch/middleware/cookies.rb:560:in `call'
  activerecord (4.1.7) lib/active_record/query_cache.rb:36:in `call'
  activerecord (4.1.7) lib/active_record/connection_adapters/abstract/connection_pool.rb:621:in `call'
  activerecord (4.1.7) lib/active_record/migration.rb:380:in `call'
  actionpack (4.1.7) lib/action_dispatch/middleware/callbacks.rb:29:in `block in call'
  activesupport (4.1.7) lib/active_support/callbacks.rb:82:in `run_callbacks'
  actionpack (4.1.7) lib/action_dispatch/middleware/callbacks.rb:27:in `call'
  actionpack (4.1.7) lib/action_dispatch/middleware/reloader.rb:73:in `call'
  actionpack (4.1.7) lib/action_dispatch/middleware/remote_ip.rb:76:in `call'
  actionpack (4.1.7) lib/action_dispatch/middleware/debug_exceptions.rb:17:in `call'
  actionpack (4.1.7) lib/action_dispatch/middleware/show_exceptions.rb:30:in `call'
  railties (4.1.7) lib/rails/rack/logger.rb:38:in `call_app'
  railties (4.1.7) lib/rails/rack/logger.rb:20:in `block in call'
  activesupport (4.1.7) lib/active_support/tagged_logging.rb:68:in `block in tagged'
  activesupport (4.1.7) lib/active_support/tagged_logging.rb:26:in `tagged'
  activesupport (4.1.7) lib/active_support/tagged_logging.rb:68:in `tagged'
  railties (4.1.7) lib/rails/rack/logger.rb:20:in `call'
  actionpack (4.1.7) lib/action_dispatch/middleware/request_id.rb:21:in `call'
  rack (1.5.2) lib/rack/methodoverride.rb:21:in `call'
  rack (1.5.2) lib/rack/runtime.rb:17:in `call'
  activesupport (4.1.7) lib/active_support/cache/strategy/local_cache_middleware.rb:26:in `call'
  rack (1.5.2) lib/rack/lock.rb:17:in `call'
  actionpack (4.1.7) lib/action_dispatch/middleware/static.rb:84:in `call'
  rack (1.5.2) lib/rack/sendfile.rb:112:in `call'
  railties (4.1.7) lib/rails/engine.rb:514:in `call'
  railties (4.1.7) lib/rails/application.rb:144:in `call'
  rack (1.5.2) lib/rack/lock.rb:17:in `call'
  rack (1.5.2) lib/rack/content_length.rb:14:in `call'
  rack (1.5.2) lib/rack/handler/webrick.rb:60:in `service'
  /Users/jdestradap/.rvm/rubies/ruby-2.1.4/lib/ruby/2.1.0/webrick/httpserver.rb:138:in `service'
  /Users/jdestradap/.rvm/rubies/ruby-2.1.4/lib/ruby/2.1.0/webrick/httpserver.rb:94:in `run'
  /Users/jdestradap/.rvm/rubies/ruby-2.1.4/lib/ruby/2.1.0/webrick/server.rb:295:in `block in start_thread'


  Rendered /Users/jdestradap/.rvm/gems/ruby-2.1.4/gems/actionpack-4.1.7/lib/action_dispatch/middleware/templates/rescues/unknown_action.html.erb within rescues/layout (0.5ms)


Started GET "/communities" for 127.0.0.1 at 2014-11-09 11:19:21 -0500

AbstractController::ActionNotFound (The action 'index' could not be found for CommunitiesController):
  actionpack (4.1.7) lib/abstract_controller/base.rb:131:in `process'
  actionview (4.1.7) lib/action_view/rendering.rb:30:in `process'
  actionpack (4.1.7) lib/action_controller/metal.rb:196:in `dispatch'
  actionpack (4.1.7) lib/action_controller/metal/rack_delegation.rb:13:in `dispatch'
  actionpack (4.1.7) lib/action_controller/metal.rb:232:in `block in action'
  actionpack (4.1.7) lib/action_dispatch/routing/route_set.rb:82:in `call'
  actionpack (4.1.7) lib/action_dispatch/routing/route_set.rb:82:in `dispatch'
  actionpack (4.1.7) lib/action_dispatch/routing/route_set.rb:50:in `call'
  actionpack (4.1.7) lib/action_dispatch/journey/router.rb:73:in `block in call'
  actionpack (4.1.7) lib/action_dispatch/journey/router.rb:59:in `each'
  actionpack (4.1.7) lib/action_dispatch/journey/router.rb:59:in `call'
  actionpack (4.1.7) lib/action_dispatch/routing/route_set.rb:678:in `call'
  rack (1.5.2) lib/rack/etag.rb:23:in `call'
  rack (1.5.2) lib/rack/conditionalget.rb:25:in `call'
  rack (1.5.2) lib/rack/head.rb:11:in `call'
  actionpack (4.1.7) lib/action_dispatch/middleware/params_parser.rb:27:in `call'
  actionpack (4.1.7) lib/action_dispatch/middleware/flash.rb:254:in `call'
  rack (1.5.2) lib/rack/session/abstract/id.rb:225:in `context'
  rack (1.5.2) lib/rack/session/abstract/id.rb:220:in `call'
  actionpack (4.1.7) lib/action_dispatch/middleware/cookies.rb:560:in `call'
  activerecord (4.1.7) lib/active_record/query_cache.rb:36:in `call'
  activerecord (4.1.7) lib/active_record/connection_adapters/abstract/connection_pool.rb:621:in `call'
  activerecord (4.1.7) lib/active_record/migration.rb:380:in `call'
  actionpack (4.1.7) lib/action_dispatch/middleware/callbacks.rb:29:in `block in call'
  activesupport (4.1.7) lib/active_support/callbacks.rb:82:in `run_callbacks'
  actionpack (4.1.7) lib/action_dispatch/middleware/callbacks.rb:27:in `call'
  actionpack (4.1.7) lib/action_dispatch/middleware/reloader.rb:73:in `call'
  actionpack (4.1.7) lib/action_dispatch/middleware/remote_ip.rb:76:in `call'
  actionpack (4.1.7) lib/action_dispatch/middleware/debug_exceptions.rb:17:in `call'
  actionpack (4.1.7) lib/action_dispatch/middleware/show_exceptions.rb:30:in `call'
  railties (4.1.7) lib/rails/rack/logger.rb:38:in `call_app'
  railties (4.1.7) lib/rails/rack/logger.rb:20:in `block in call'
  activesupport (4.1.7) lib/active_support/tagged_logging.rb:68:in `block in tagged'
  activesupport (4.1.7) lib/active_support/tagged_logging.rb:26:in `tagged'
  activesupport (4.1.7) lib/active_support/tagged_logging.rb:68:in `tagged'
  railties (4.1.7) lib/rails/rack/logger.rb:20:in `call'
  actionpack (4.1.7) lib/action_dispatch/middleware/request_id.rb:21:in `call'
  rack (1.5.2) lib/rack/methodoverride.rb:21:in `call'
  rack (1.5.2) lib/rack/runtime.rb:17:in `call'
  activesupport (4.1.7) lib/active_support/cache/strategy/local_cache_middleware.rb:26:in `call'
  rack (1.5.2) lib/rack/lock.rb:17:in `call'
  actionpack (4.1.7) lib/action_dispatch/middleware/static.rb:84:in `call'
  rack (1.5.2) lib/rack/sendfile.rb:112:in `call'
  railties (4.1.7) lib/rails/engine.rb:514:in `call'
  railties (4.1.7) lib/rails/application.rb:144:in `call'
  rack (1.5.2) lib/rack/lock.rb:17:in `call'
  rack (1.5.2) lib/rack/content_length.rb:14:in `call'
  rack (1.5.2) lib/rack/handler/webrick.rb:60:in `service'
  /Users/jdestradap/.rvm/rubies/ruby-2.1.4/lib/ruby/2.1.0/webrick/httpserver.rb:138:in `service'
  /Users/jdestradap/.rvm/rubies/ruby-2.1.4/lib/ruby/2.1.0/webrick/httpserver.rb:94:in `run'
  /Users/jdestradap/.rvm/rubies/ruby-2.1.4/lib/ruby/2.1.0/webrick/server.rb:295:in `block in start_thread'


  Rendered /Users/jdestradap/.rvm/gems/ruby-2.1.4/gems/actionpack-4.1.7/lib/action_dispatch/middleware/templates/rescues/unknown_action.html.erb within rescues/layout (0.5ms)


Started GET "/" for 127.0.0.1 at 2014-11-09 11:19:25 -0500
Processing by WelcomeController#index as HTML
  Rendered welcome/index.html.erb within layouts/application (0.1ms)
Completed 200 OK in 100ms (Views: 99.1ms | ActiveRecord: 0.0ms)


Started GET "/communities/new" for 127.0.0.1 at 2014-11-09 11:19:54 -0500
Processing by CommunitiesController#new as HTML
  Rendered communities/new.html.erb within layouts/application (19.1ms)
Completed 200 OK in 71ms (Views: 70.4ms | ActiveRecord: 0.0ms)


Started POST "/communities" for 127.0.0.1 at 2014-11-09 11:20:01 -0500
Processing by CommunitiesController#create as HTML
  Parameters: {"utf8"=>"✓", "authenticity_token"=>"8lbKPHmRTG/XJhmwzzqvvLHmhawYvqul84Tcwkgucvw=", "community"=>{"name"=>"hola", "description"=>"como estas"}, "commit"=>"Save Community"}
Completed 500 Internal Server Error in 10ms

ActiveModel::ForbiddenAttributesError (ActiveModel::ForbiddenAttributesError):
  app/controllers/communities_controller.rb:6:in `create'


  Rendered /Users/jdestradap/.rvm/gems/ruby-2.1.4/gems/actionpack-4.1.7/lib/action_dispatch/middleware/templates/rescues/_source.erb (0.9ms)
  Rendered /Users/jdestradap/.rvm/gems/ruby-2.1.4/gems/actionpack-4.1.7/lib/action_dispatch/middleware/templates/rescues/_trace.html.erb (1.4ms)
  Rendered /Users/jdestradap/.rvm/gems/ruby-2.1.4/gems/actionpack-4.1.7/lib/action_dispatch/middleware/templates/rescues/_request_and_response.html.erb (1.4ms)
  Rendered /Users/jdestradap/.rvm/gems/ruby-2.1.4/gems/actionpack-4.1.7/lib/action_dispatch/middleware/templates/rescues/diagnostics.erb within rescues/layout (23.9ms)


Started GET "/communities" for 127.0.0.1 at 2014-11-09 11:24:20 -0500

AbstractController::ActionNotFound (The action 'index' could not be found for CommunitiesController):
  actionpack (4.1.7) lib/abstract_controller/base.rb:131:in `process'
  actionview (4.1.7) lib/action_view/rendering.rb:30:in `process'
  actionpack (4.1.7) lib/action_controller/metal.rb:196:in `dispatch'
  actionpack (4.1.7) lib/action_controller/metal/rack_delegation.rb:13:in `dispatch'
  actionpack (4.1.7) lib/action_controller/metal.rb:232:in `block in action'
  actionpack (4.1.7) lib/action_dispatch/routing/route_set.rb:82:in `call'
  actionpack (4.1.7) lib/action_dispatch/routing/route_set.rb:82:in `dispatch'
  actionpack (4.1.7) lib/action_dispatch/routing/route_set.rb:50:in `call'
  actionpack (4.1.7) lib/action_dispatch/journey/router.rb:73:in `block in call'
  actionpack (4.1.7) lib/action_dispatch/journey/router.rb:59:in `each'
  actionpack (4.1.7) lib/action_dispatch/journey/router.rb:59:in `call'
  actionpack (4.1.7) lib/action_dispatch/routing/route_set.rb:678:in `call'
  rack (1.5.2) lib/rack/etag.rb:23:in `call'
  rack (1.5.2) lib/rack/conditionalget.rb:25:in `call'
  rack (1.5.2) lib/rack/head.rb:11:in `call'
  actionpack (4.1.7) lib/action_dispatch/middleware/params_parser.rb:27:in `call'
  actionpack (4.1.7) lib/action_dispatch/middleware/flash.rb:254:in `call'
  rack (1.5.2) lib/rack/session/abstract/id.rb:225:in `context'
  rack (1.5.2) lib/rack/session/abstract/id.rb:220:in `call'
  actionpack (4.1.7) lib/action_dispatch/middleware/cookies.rb:560:in `call'
  activerecord (4.1.7) lib/active_record/query_cache.rb:36:in `call'
  activerecord (4.1.7) lib/active_record/connection_adapters/abstract/connection_pool.rb:621:in `call'
  activerecord (4.1.7) lib/active_record/migration.rb:380:in `call'
  actionpack (4.1.7) lib/action_dispatch/middleware/callbacks.rb:29:in `block in call'
  activesupport (4.1.7) lib/active_support/callbacks.rb:82:in `run_callbacks'
  actionpack (4.1.7) lib/action_dispatch/middleware/callbacks.rb:27:in `call'
  actionpack (4.1.7) lib/action_dispatch/middleware/reloader.rb:73:in `call'
  actionpack (4.1.7) lib/action_dispatch/middleware/remote_ip.rb:76:in `call'
  actionpack (4.1.7) lib/action_dispatch/middleware/debug_exceptions.rb:17:in `call'
  actionpack (4.1.7) lib/action_dispatch/middleware/show_exceptions.rb:30:in `call'
  railties (4.1.7) lib/rails/rack/logger.rb:38:in `call_app'
  railties (4.1.7) lib/rails/rack/logger.rb:20:in `block in call'
  activesupport (4.1.7) lib/active_support/tagged_logging.rb:68:in `block in tagged'
  activesupport (4.1.7) lib/active_support/tagged_logging.rb:26:in `tagged'
  activesupport (4.1.7) lib/active_support/tagged_logging.rb:68:in `tagged'
  railties (4.1.7) lib/rails/rack/logger.rb:20:in `call'
  actionpack (4.1.7) lib/action_dispatch/middleware/request_id.rb:21:in `call'
  rack (1.5.2) lib/rack/methodoverride.rb:21:in `call'
  rack (1.5.2) lib/rack/runtime.rb:17:in `call'
  activesupport (4.1.7) lib/active_support/cache/strategy/local_cache_middleware.rb:26:in `call'
  rack (1.5.2) lib/rack/lock.rb:17:in `call'
  actionpack (4.1.7) lib/action_dispatch/middleware/static.rb:84:in `call'
  rack (1.5.2) lib/rack/sendfile.rb:112:in `call'
  railties (4.1.7) lib/rails/engine.rb:514:in `call'
  railties (4.1.7) lib/rails/application.rb:144:in `call'
  rack (1.5.2) lib/rack/lock.rb:17:in `call'
  rack (1.5.2) lib/rack/content_length.rb:14:in `call'
  rack (1.5.2) lib/rack/handler/webrick.rb:60:in `service'
  /Users/jdestradap/.rvm/rubies/ruby-2.1.4/lib/ruby/2.1.0/webrick/httpserver.rb:138:in `service'
  /Users/jdestradap/.rvm/rubies/ruby-2.1.4/lib/ruby/2.1.0/webrick/httpserver.rb:94:in `run'
  /Users/jdestradap/.rvm/rubies/ruby-2.1.4/lib/ruby/2.1.0/webrick/server.rb:295:in `block in start_thread'


  Rendered /Users/jdestradap/.rvm/gems/ruby-2.1.4/gems/actionpack-4.1.7/lib/action_dispatch/middleware/templates/rescues/unknown_action.html.erb within rescues/layout (0.5ms)


Started GET "/communities/new" for 127.0.0.1 at 2014-11-09 11:24:24 -0500
Processing by CommunitiesController#new as HTML
  Rendered communities/new.html.erb within layouts/application (1.2ms)
Completed 200 OK in 73ms (Views: 72.2ms | ActiveRecord: 0.0ms)


Started GET "/assets/turbolinks.js?body=1" for 127.0.0.1 at 2014-11-09 11:24:24 -0500


Started POST "/communities" for 127.0.0.1 at 2014-11-09 11:24:29 -0500
Processing by CommunitiesController#create as HTML
  Parameters: {"utf8"=>"✓", "authenticity_token"=>"8lbKPHmRTG/XJhmwzzqvvLHmhawYvqul84Tcwkgucvw=", "community"=>{"name"=>"hola", "description"=>"hola"}, "commit"=>"Save Community"}
Completed 500 Internal Server Error in 7ms

ActiveModel::ForbiddenAttributesError (ActiveModel::ForbiddenAttributesError):
  app/controllers/communities_controller.rb:6:in `create'


  Rendered /Users/jdestradap/.rvm/gems/ruby-2.1.4/gems/actionpack-4.1.7/lib/action_dispatch/middleware/templates/rescues/_source.erb (0.9ms)
  Rendered /Users/jdestradap/.rvm/gems/ruby-2.1.4/gems/actionpack-4.1.7/lib/action_dispatch/middleware/templates/rescues/_trace.html.erb (1.2ms)
  Rendered /Users/jdestradap/.rvm/gems/ruby-2.1.4/gems/actionpack-4.1.7/lib/action_dispatch/middleware/templates/rescues/_request_and_response.html.erb (1.1ms)
  Rendered /Users/jdestradap/.rvm/gems/ruby-2.1.4/gems/actionpack-4.1.7/lib/action_dispatch/middleware/templates/rescues/diagnostics.erb within rescues/layout (16.5ms)


Started GET "/communities/new" for 127.0.0.1 at 2014-11-09 11:26:42 -0500
Processing by CommunitiesController#new as HTML
  Rendered communities/new.html.erb within layouts/application (1.6ms)
Completed 200 OK in 50ms (Views: 49.0ms | ActiveRecord: 0.0ms)


Started GET "/assets/jquery_ujs.js?body=1" for 127.0.0.1 at 2014-11-09 11:26:42 -0500


Started GET "/assets/turbolinks.js?body=1" for 127.0.0.1 at 2014-11-09 11:26:42 -0500


Started GET "/assets/jquery.js?body=1" for 127.0.0.1 at 2014-11-09 11:26:42 -0500


Started POST "/communities" for 127.0.0.1 at 2014-11-09 11:26:46 -0500
Processing by CommunitiesController#create as HTML
  Parameters: {"utf8"=>"✓", "authenticity_token"=>"8lbKPHmRTG/XJhmwzzqvvLHmhawYvqul84Tcwkgucvw=", "community"=>{"name"=>"hola", "description"=>"hoa"}, "commit"=>"Save Community"}
  [1m[35m (0.3ms)[0m  BEGIN
  [1m[36mSQL (6.8ms)[0m  [1mINSERT INTO "communities" ("created_at", "description", "name", "updated_at") VALUES ($1, $2, $3, $4) RETURNING "id"[0m  [["created_at", "2014-11-09 16:26:46.748222"], ["description", "hoa"], ["name", "hola"], ["updated_at", "2014-11-09 16:26:46.748222"]]
  [1m[35m (12.4ms)[0m  COMMIT
  Rendered text template (0.0ms)
Completed 200 OK in 47ms (Views: 2.0ms | ActiveRecord: 22.7ms)
  [1m[36mCommunity Load (0.9ms)[0m  [1mSELECT "communities".* FROM "communities"[0m


Started GET "/communities/new" for 127.0.0.1 at 2014-11-09 11:31:29 -0500
Processing by CommunitiesController#new as HTML
  Rendered communities/new.html.erb within layouts/application (2.0ms)
Completed 200 OK in 61ms (Views: 59.9ms | ActiveRecord: 0.0ms)


Started GET "/assets/jquery_ujs.js?body=1" for 127.0.0.1 at 2014-11-09 11:31:29 -0500


Started GET "/assets/turbolinks.js?body=1" for 127.0.0.1 at 2014-11-09 11:31:29 -0500


Started GET "/assets/jquery.js?body=1" for 127.0.0.1 at 2014-11-09 11:31:29 -0500


Started POST "/communities" for 127.0.0.1 at 2014-11-09 11:31:40 -0500
Processing by CommunitiesController#create as HTML
  Parameters: {"utf8"=>"✓", "authenticity_token"=>"8lbKPHmRTG/XJhmwzzqvvLHmhawYvqul84Tcwkgucvw=", "community"=>{"name"=>"Piloto2", "description"=>"hoal"}, "commit"=>"Save Community"}
  [1m[36m (0.2ms)[0m  [1mBEGIN[0m
  [1m[35mSQL (0.3ms)[0m  INSERT INTO "communities" ("created_at", "description", "name", "updated_at") VALUES ($1, $2, $3, $4) RETURNING "id"  [["created_at", "2014-11-09 16:31:40.235524"], ["description", "hoal"], ["name", "Piloto2"], ["updated_at", "2014-11-09 16:31:40.235524"]]
  [1m[36m (6.4ms)[0m  [1mCOMMIT[0m
Redirected to http://0.0.0.0:3000/communities/3
Completed 302 Found in 20ms (ActiveRecord: 10.5ms)


Started GET "/communities/3" for 127.0.0.1 at 2014-11-09 11:31:40 -0500
Processing by CommunitiesController#show as HTML
  Parameters: {"id"=>"3"}
  [1m[35mCommunity Load (6.6ms)[0m  SELECT  "communities".* FROM "communities"  WHERE "communities"."id" = $1 LIMIT 1  [["id", 3]]
  Rendered communities/show.html.erb within layouts/application (1.6ms)
Completed 500 Internal Server Error in 13ms

ActionView::Template::Error (undefined method `title' for #<Community:0x007fc748764c80>):
    1: <p>
    2:   <strong>Name:</strong>
    3:   <%= @community.title %>
    4: </p>
    5: 
    6: <p>
  app/views/communities/show.html.erb:3:in `_app_views_communities_show_html_erb___2882260767576661182_70246945454180'


  Rendered /Users/jdestradap/.rvm/gems/ruby-2.1.4/gems/actionpack-4.1.7/lib/action_dispatch/middleware/templates/rescues/_trace.html.erb (1.7ms)
  Rendered /Users/jdestradap/.rvm/gems/ruby-2.1.4/gems/actionpack-4.1.7/lib/action_dispatch/middleware/templates/rescues/_request_and_response.html.erb (1.1ms)
  Rendered /Users/jdestradap/.rvm/gems/ruby-2.1.4/gems/actionpack-4.1.7/lib/action_dispatch/middleware/templates/rescues/template_error.html.erb within rescues/layout (13.6ms)


Started GET "/communities/3" for 127.0.0.1 at 2014-11-09 11:31:56 -0500
Processing by CommunitiesController#show as HTML
  Parameters: {"id"=>"3"}
  [1m[36mCommunity Load (0.5ms)[0m  [1mSELECT  "communities".* FROM "communities"  WHERE "communities"."id" = $1 LIMIT 1[0m  [["id", 3]]
  Rendered communities/show.html.erb within layouts/application (0.5ms)
Completed 200 OK in 55ms (Views: 52.0ms | ActiveRecord: 0.5ms)


Started GET "/assets/jquery_ujs.js?body=1" for 127.0.0.1 at 2014-11-09 11:31:56 -0500


Started GET "/assets/turbolinks.js?body=1" for 127.0.0.1 at 2014-11-09 11:31:56 -0500


Started GET "/assets/jquery.js?body=1" for 127.0.0.1 at 2014-11-09 11:31:56 -0500


Started GET "/communities/3.rest" for 127.0.0.1 at 2014-11-09 11:32:26 -0500
Processing by CommunitiesController#show as 
  Parameters: {"id"=>"3"}
  [1m[35mCommunity Load (0.5ms)[0m  SELECT  "communities".* FROM "communities"  WHERE "communities"."id" = $1 LIMIT 1  [["id", 3]]
  Rendered communities/show.html.erb within layouts/application (0.5ms)
Completed 200 OK in 60ms (Views: 57.9ms | ActiveRecord: 0.5ms)


Started GET "/assets/jquery_ujs.js?body=1" for 127.0.0.1 at 2014-11-09 11:32:26 -0500


Started GET "/assets/turbolinks.js?body=1" for 127.0.0.1 at 2014-11-09 11:32:26 -0500


Started GET "/assets/jquery.js?body=1" for 127.0.0.1 at 2014-11-09 11:32:26 -0500


Started GET "/communities/3?json" for 127.0.0.1 at 2014-11-09 11:32:36 -0500
Processing by CommunitiesController#show as HTML
  Parameters: {"json"=>nil, "id"=>"3"}
  [1m[36mCommunity Load (0.5ms)[0m  [1mSELECT  "communities".* FROM "communities"  WHERE "communities"."id" = $1 LIMIT 1[0m  [["id", 3]]
  Rendered communities/show.html.erb within layouts/application (0.5ms)
Completed 200 OK in 59ms (Views: 56.7ms | ActiveRecord: 0.5ms)


Started GET "/assets/jquery.js?body=1" for 127.0.0.1 at 2014-11-09 11:32:36 -0500


Started GET "/assets/jquery_ujs.js?body=1" for 127.0.0.1 at 2014-11-09 11:32:36 -0500


Started GET "/assets/turbolinks.js?body=1" for 127.0.0.1 at 2014-11-09 11:32:36 -0500


Started GET "/communities/3?json" for 127.0.0.1 at 2014-11-09 11:32:39 -0500
Processing by CommunitiesController#show as HTML
  Parameters: {"json"=>nil, "id"=>"3"}
  [1m[35mCommunity Load (0.4ms)[0m  SELECT  "communities".* FROM "communities"  WHERE "communities"."id" = $1 LIMIT 1  [["id", 3]]
  Rendered communities/show.html.erb within layouts/application (0.1ms)
Completed 200 OK in 49ms (Views: 46.8ms | ActiveRecord: 0.4ms)


Started GET "/assets/turbolinks.js?body=1" for 127.0.0.1 at 2014-11-09 11:32:39 -0500


Started GET "/assets/jquery.js?body=1" for 127.0.0.1 at 2014-11-09 11:32:39 -0500


Started GET "/assets/jquery_ujs.js?body=1" for 127.0.0.1 at 2014-11-09 11:32:39 -0500


Started GET "/communities/" for 127.0.0.1 at 2014-11-09 11:32:44 -0500

AbstractController::ActionNotFound (The action 'index' could not be found for CommunitiesController):
  actionpack (4.1.7) lib/abstract_controller/base.rb:131:in `process'
  actionview (4.1.7) lib/action_view/rendering.rb:30:in `process'
  actionpack (4.1.7) lib/action_controller/metal.rb:196:in `dispatch'
  actionpack (4.1.7) lib/action_controller/metal/rack_delegation.rb:13:in `dispatch'
  actionpack (4.1.7) lib/action_controller/metal.rb:232:in `block in action'
  actionpack (4.1.7) lib/action_dispatch/routing/route_set.rb:82:in `call'
  actionpack (4.1.7) lib/action_dispatch/routing/route_set.rb:82:in `dispatch'
  actionpack (4.1.7) lib/action_dispatch/routing/route_set.rb:50:in `call'
  actionpack (4.1.7) lib/action_dispatch/journey/router.rb:73:in `block in call'
  actionpack (4.1.7) lib/action_dispatch/journey/router.rb:59:in `each'
  actionpack (4.1.7) lib/action_dispatch/journey/router.rb:59:in `call'
  actionpack (4.1.7) lib/action_dispatch/routing/route_set.rb:678:in `call'
  rack (1.5.2) lib/rack/etag.rb:23:in `call'
  rack (1.5.2) lib/rack/conditionalget.rb:25:in `call'
  rack (1.5.2) lib/rack/head.rb:11:in `call'
  actionpack (4.1.7) lib/action_dispatch/middleware/params_parser.rb:27:in `call'
  actionpack (4.1.7) lib/action_dispatch/middleware/flash.rb:254:in `call'
  rack (1.5.2) lib/rack/session/abstract/id.rb:225:in `context'
  rack (1.5.2) lib/rack/session/abstract/id.rb:220:in `call'
  actionpack (4.1.7) lib/action_dispatch/middleware/cookies.rb:560:in `call'
  activerecord (4.1.7) lib/active_record/query_cache.rb:36:in `call'
  activerecord (4.1.7) lib/active_record/connection_adapters/abstract/connection_pool.rb:621:in `call'
  activerecord (4.1.7) lib/active_record/migration.rb:380:in `call'
  actionpack (4.1.7) lib/action_dispatch/middleware/callbacks.rb:29:in `block in call'
  activesupport (4.1.7) lib/active_support/callbacks.rb:82:in `run_callbacks'
  actionpack (4.1.7) lib/action_dispatch/middleware/callbacks.rb:27:in `call'
  actionpack (4.1.7) lib/action_dispatch/middleware/reloader.rb:73:in `call'
  actionpack (4.1.7) lib/action_dispatch/middleware/remote_ip.rb:76:in `call'
  actionpack (4.1.7) lib/action_dispatch/middleware/debug_exceptions.rb:17:in `call'
  actionpack (4.1.7) lib/action_dispatch/middleware/show_exceptions.rb:30:in `call'
  railties (4.1.7) lib/rails/rack/logger.rb:38:in `call_app'
  railties (4.1.7) lib/rails/rack/logger.rb:20:in `block in call'
  activesupport (4.1.7) lib/active_support/tagged_logging.rb:68:in `block in tagged'
  activesupport (4.1.7) lib/active_support/tagged_logging.rb:26:in `tagged'
  activesupport (4.1.7) lib/active_support/tagged_logging.rb:68:in `tagged'
  railties (4.1.7) lib/rails/rack/logger.rb:20:in `call'
  actionpack (4.1.7) lib/action_dispatch/middleware/request_id.rb:21:in `call'
  rack (1.5.2) lib/rack/methodoverride.rb:21:in `call'
  rack (1.5.2) lib/rack/runtime.rb:17:in `call'
  activesupport (4.1.7) lib/active_support/cache/strategy/local_cache_middleware.rb:26:in `call'
  rack (1.5.2) lib/rack/lock.rb:17:in `call'
  actionpack (4.1.7) lib/action_dispatch/middleware/static.rb:84:in `call'
  rack (1.5.2) lib/rack/sendfile.rb:112:in `call'
  railties (4.1.7) lib/rails/engine.rb:514:in `call'
  railties (4.1.7) lib/rails/application.rb:144:in `call'
  rack (1.5.2) lib/rack/lock.rb:17:in `call'
  rack (1.5.2) lib/rack/content_length.rb:14:in `call'
  rack (1.5.2) lib/rack/handler/webrick.rb:60:in `service'
  /Users/jdestradap/.rvm/rubies/ruby-2.1.4/lib/ruby/2.1.0/webrick/httpserver.rb:138:in `service'
  /Users/jdestradap/.rvm/rubies/ruby-2.1.4/lib/ruby/2.1.0/webrick/httpserver.rb:94:in `run'
  /Users/jdestradap/.rvm/rubies/ruby-2.1.4/lib/ruby/2.1.0/webrick/server.rb:295:in `block in start_thread'


  Rendered /Users/jdestradap/.rvm/gems/ruby-2.1.4/gems/actionpack-4.1.7/lib/action_dispatch/middleware/templates/rescues/unknown_action.html.erb within rescues/layout (0.5ms)
